[HTTP] Binding to address: :1080
Creating API v1 with WebPath: 
Creating API v2 with WebPath: 
Got message in APIv2 websocket channel
[APIv2] BROADCAST /api/v2/websocket
Got message in APIv1 event stream
Sending content: {
  "ID": "tlz4vvQnhnubuKCDGHuXZzJafFaJvxM0IOJsxHK5f_8=@mailhog.example",
  "From": {
    "Relays": null,
    "Mailbox": "nobody",
    "Domain": "57532a3ec5de",
    "Params": ""
  },
  "To": [
    {
      "Relays": null,
      "Mailbox": "mailhog",
      "Domain": "flywheel.local",
      "Params": ""
    }
  ],
  "Content": {
    "Headers": {
      "Content-Type": [
        "text/plain; charset=UTF-8"
      ],
      "Date": [
        "Tue, 18 Sep 2018 09:38:52 +0000"
      ],
      "From": [
        "WordPress \u003cwordpress@elavani.local\u003e"
      ],
      "MIME-Version": [
        "1.0"
      ],
      "Message-ID": [
        "\u003ca20d17e0b986691b8504f05549e4322d@elavani.local\u003e"
      ],
      "Received": [
        "from localhost by mailhog.example (MailHog)\r\n          id tlz4vvQnhnubuKCDGHuXZzJafFaJvxM0IOJsxHK5f_8=@mailhog.example; Tue, 18 Sep 2018 09:38:52 +0000"
      ],
      "Return-Path": [
        "\u003cnobody@57532a3ec5de\u003e"
      ],
      "Subject": [
        "New WordPress Site"
      ],
      "To": [
        "sumihara@greeniche.jp"
      ],
      "X-Mailer": [
        "PHPMailer 5.2.22 (https://github.com/PHPMailer/PHPMailer)"
      ],
      "X-PHP-Originating-Script": [
        "0:class-phpmailer.php"
      ]
    },
    "Body": "Your new WordPress site has been successfully set up at:\r\n\r\nhttp://elavani.local\r\n\r\nYou can log in to the administrator account with the following information:\r\n\r\nUsername: elavani\r\nPassword: The password you chose during installation.\r\nLog in here: http://elavani.local/wp-login.php\r\n\r\nWe hope you enjoy your new site. Thanks!\r\n\r\n--The WordPress Team\r\nhttps://wordpress.org/\r\n",
    "Size": 757,
    "MIME": null
  },
  "Created": "2018-09-18T09:38:52.131910589Z",
  "MIME": null,
  "Raw": {
    "From": "nobody@57532a3ec5de",
    "To": [
      "mailhog@flywheel.local"
    ],
    "Data": "To: sumihara@greeniche.jp\r\nSubject: New WordPress Site\r\nX-PHP-Originating-Script: 0:class-phpmailer.php\r\nDate: Tue, 18 Sep 2018 09:38:52 +0000\r\nFrom: WordPress \u003cwordpress@elavani.local\u003e\r\nMessage-ID: \u003ca20d17e0b986691b8504f05549e4322d@elavani.local\u003e\r\nX-Mailer: PHPMailer 5.2.22 (https://github.com/PHPMailer/PHPMailer)\r\nMIME-Version: 1.0\r\nContent-Type: text/plain; charset=UTF-8\r\n\r\nYour new WordPress site has been successfully set up at:\r\n\r\nhttp://elavani.local\r\n\r\nYou can log in to the administrator account with the following information:\r\n\r\nUsername: elavani\r\nPassword: The password you chose during installation.\r\nLog in here: http://elavani.local/wp-login.php\r\n\r\nWe hope you enjoy your new site. Thanks!\r\n\r\n--The WordPress Team\r\nhttps://wordpress.org/\r\n",
    "Helo": "localhost"
  }
}

[APIv1] BROADCAST /api/v1/events
[APIv1] KEEPALIVE /api/v1/events
[APIv1] KEEPALIVE /api/v1/events
[APIv1] KEEPALIVE /api/v1/events
[APIv1] KEEPALIVE /api/v1/events
[APIv1] KEEPALIVE /api/v1/events
[APIv1] KEEPALIVE /api/v1/events
[APIv1] KEEPALIVE /api/v1/events
[APIv1] KEEPALIVE /api/v1/events
[APIv1] KEEPALIVE /api/v1/events
[APIv1] KEEPALIVE /api/v1/events
[APIv1] KEEPALIVE /api/v1/events
[APIv1] KEEPALIVE /api/v1/events
[APIv1] KEEPALIVE /api/v1/events
[APIv1] KEEPALIVE /api/v1/events
[APIv1] KEEPALIVE /api/v1/events
[APIv1] KEEPALIVE /api/v1/events
[APIv1] KEEPALIVE /api/v1/events
[APIv1] KEEPALIVE /api/v1/events
[APIv1] KEEPALIVE /api/v1/events
[APIv1] KEEPALIVE /api/v1/events
